nohup: ignoring input
Manteniendo el Codespace activo con intervalos dinámicos entre 3 y 95 segundos.
Solicitud enviada a https://5000-dianamonroe-pretrainfoo-5kxfosndqx6.ws-eu117.gitpod.io
Esperando 73 segundos antes de la próxima solicitud.
Solicitud enviada a https://5000-dianamonroe-pretrainfoo-5kxfosndqx6.ws-eu117.gitpod.io
Esperando 68 segundos antes de la próxima solicitud.
Solicitud enviada a https://5000-dianamonroe-pretrainfoo-5kxfosndqx6.ws-eu117.gitpod.io
Esperando 39 segundos antes de la próxima solicitud.
Solicitud enviada a https://5000-dianamonroe-pretrainfoo-5kxfosndqx6.ws-eu117.gitpod.io
Esperando 6 segundos antes de la próxima solicitud.
SSolicitud enviada a https://5000-dianamonroe-pretrainfoo-5kxfosndqx6.ws-eu117.gitpod.io
Esperando 61 segundos antes de la próxima solicitud.SSolicitud enviada a https://5000-dianamonroe-pretrainfoo-5kxfosndqx6.ws-eu117.gitpod.io
Esperando 67 segundos antes de la próxima solicitud.
Solicitud enviada a https://5000-dianamonroe-pretrainfoo-5kxfosndqx6.ws-eu117.gitpod.io
Esperando 93 segundos antes de la próxima solicitud.
Solicitud enviada a https://5000-dianamonroe-pretrainfoo-5kxfosndqx6.ws-eu117.gitpod.io
Esperando 40 segundos antes de la próxima solicitud.
Solicitud enviada a https://5000-dianamonroe-pretrainfoo-5kxfosndqx6.ws-eu117.gitpod.io
Esperando 83 segundos antes de la próxima solicitud.
Solicitud enviada a https://5000-dianamonroe-pretrainfoo-5kxfosndqx6.ws-eu117.gitpod.io
Esperando 54 segundos antes de la próxima solicitud.
Solicitud enviada a https://5000-dianamonroe-pretrainfoo-5kxfosndqx6.ws-eu117.gitpod.io
Esperando 70 segundos antes de la próxima solicitud.
Solicitud enviada a https://5000-dianamonroe-pretrainfoo-5kxfosndqx6.ws-eu117.gitpod.io
Esperando 11 segundos antes de la próxima solicitud.
Solicitud enviada a https://5000-dianamonroe-pretrainfoo-5kxfosndqx6.ws-eu117.gitpod.io
Esperando 46 segundos antes de la próxima solicitud.
Solicitud enviada a https://5000-dianamonroe-pretrainfoo-5kxfosndqx6.ws-eu117.gitpod.io
Esperando 95 segundos antes de la próxima solicitud.
Solicitud enviada a https://5000-dianamonroe-pretrainfoo-5kxfosndqx6.ws-eu117.gitpod.io
Esperando 67 segundos antes de la próxima solicitud.
Solicitud enviada a https://5000-dianamonroe-pretrainfoo-5kxfosndqx6.ws-eu117.gitpod.io
Esperando 94 segundos antes de la próxima solicitud.
Solicitud enviada a https://5000-dianamonroe-pretrainfoo-5kxfosndqx6.ws-eu117.gitpod.io
Esperando 85 segundos antes de la próxima solicitud.
Solicitud enviada a https://5000-dianamonroe-pretrainfoo-5kxfosndqx6.ws-eu117.gitpod.io
Esperando 36 segundos antes de la próxima solicitud.
Solicitud enviada a https://5000-dianamonroe-pretrainfoo-5kxfosndqx6.ws-eu117.gitpod.io
Esperando 88 segundos antes de la próxima solicitud.
Solicitud enviada a https://5000-dianamonroe-pretrainfoo-5kxfosndqx6.ws-eu117.gitpod.io
Esperando 94 segundos antes de la próxima solicitud.
Solicitud enviada a https://5000-dianamonroe-pretrainfoo-5kxfosndqx6.ws-eu117.gitpod.io
Esperando 13 segundos antes de la próxima solicitud.
Solicitud enviada a https://5000-dianamonroe-pretrainfoo-5kxfosndqx6.ws-eu117.gitpod.io
Esperando 12 segundos antes de la próxima solicitud.
Solicitud enviada a https://5000-dianamonroe-pretrainfoo-5kxfosndqx6.ws-eu117.gitpod.io
Esperando 10 segundos antes de la próxima solicitud.
Solicitud enviada a https://5000-dianamonroe-pretrainfoo-5kxfosndqx6.ws-eu117.gitpod.io
Esperando 36 segundos antes de la próxima solicitud.
Solicitud enviada a https://5000-dianamonroe-pretrainfoo-5kxfosndqx6.ws-eu117.gitpod.io
Esperando 26 segundos antes de la próxima solicitud.
Solicitud enviada a https://5000-dianamonroe-pretrainfoo-5kxfosndqx6.ws-eu117.gitpod.io
Esperando 8 segundos antes de la próxima solicitud.
Solicitud enviada a https://5000-dianamonroe-pretrainfoo-5kxfosndqx6.ws-eu117.gitpod.io
Esperando 48 segundos antes de la próxima solicitud.
Solicitud enviada a https://5000-dianamonroe-pretrainfoo-5kxfosndqx6.ws-eu117.gitpod.io
Esperando 48 segundos antes de la próxima solicitud.
Solicitud enviada a https://5000-dianamonroe-pretrainfoo-5kxfosndqx6.ws-eu117.gitpod.io
Esperando 42 segundos antes de la próxima solicitud.
Solicitud enviada a https://5000-dianamonroe-pretrainfoo-5kxfosndqx6.ws-eu117.gitpod.io
Esperando 62 segundos antes de la próxima solicitud.
Solicitud enviada a https://5000-dianamonroe-pretrainfoo-5kxfosndqx6.ws-eu117.gitpod.io
Esperando 25 segundos antes de la próxima solicitudSoSolicitud enviada a https://5000-dianamonroe-pretrainfoo-5kxfosndqx6.ws-eu117.gitpod.io
Esperando 18 segundos antes de la próxima solicitudSolicitud enviada a https://5000-dianamonroe-pretrainfoo-5kxfosndqx6.ws-eu117.gitpod.io
Esperando 71 segundos antes de la próxima solicitud.
SoSolicitud enviada a https://5000-dianamonroe-pretrainfoo-5kxfosndqx6.ws-eu117.gitpod.io
Esperando 57 segundos antes de la próxima solicitudSoSolicitud enviada a https://5000-dianamonroe-pretrainfoo-5kxfosndqx6.ws-eu117.gitpod.io
Esperando 27 segundos antes de la próxima solicitudSolicitud enviada a https://5000-dianamonroe-pretrainfoo-5kxfosndqx6.ws-eu117.gitpod.io
Esperando 29 segundos antes de la próxima solicitud.

Solicitud enviada a https://5000-dianamonroe-pretrainfoo-5kxfosndqx6.ws-eu117.gitpod.io
Esperando 33 segundos antes de la próxima solicitud.
